<?xml version="1.0" encoding="UTF-8"?>
<testsuite name="com.myjisc.artikel.ArtikelApplicationTests" tests="1" skipped="0" failures="0" errors="0" timestamp="2024-03-08T08:04:08" hostname="LAPTOP-ULJ0SLNU" time="0.47">
  <properties/>
  <testcase name="contextLoads()" classname="com.myjisc.artikel.ArtikelApplicationTests" time="0.47"/>
  <system-out><![CDATA[15:03:57.980 [Test worker] INFO org.springframework.test.context.support.AnnotationConfigContextLoaderUtils -- Could not detect default configuration classes for test class [com.myjisc.artikel.ArtikelApplicationTests]: ArtikelApplicationTests does not declare any static, non-private, non-final, nested classes annotated with @Configuration.
15:03:58.088 [Test worker] INFO org.springframework.boot.test.context.SpringBootTestContextBootstrapper -- Found @SpringBootConfiguration com.myjisc.artikel.ArtikelApplication for test class com.myjisc.artikel.ArtikelApplicationTests

  .   ____          _            __ _ _
 /\\ / ___'_ __ _ _(_)_ __  __ _ \ \ \ \
( ( )\___ | '_ | '_| | '_ \/ _` | \ \ \ \
 \\/  ___)| |_)| | | | | || (_| |  ) ) ) )
  '  |____| .__|_| |_|_| |_\__, | / / / /
 =========|_|==============|___/=/_/_/_/
 :: Spring Boot ::                (v3.2.3)

2024-03-08T15:03:58.607+07:00  INFO 28816 --- [    Test worker] c.m.artikel.ArtikelApplicationTests      : Starting ArtikelApplicationTests using Java 17.0.8 with PID 28816 (started by ASUS in F:\UI\Semester 6\Propensi\TK\Deployment\D09-El-Yasa-Back-End\artikel)
2024-03-08T15:03:58.609+07:00  INFO 28816 --- [    Test worker] c.m.artikel.ArtikelApplicationTests      : No active profile set, falling back to 1 default profile: "default"
2024-03-08T15:03:59.612+07:00  INFO 28816 --- [    Test worker] .s.d.r.c.RepositoryConfigurationDelegate : Bootstrapping Spring Data JPA repositories in DEFAULT mode.
2024-03-08T15:03:59.794+07:00  INFO 28816 --- [    Test worker] .s.d.r.c.RepositoryConfigurationDelegate : Finished Spring Data repository scanning in 173 ms. Found 1 JPA repository interface.
2024-03-08T15:04:00.555+07:00  INFO 28816 --- [    Test worker] o.hibernate.jpa.internal.util.LogHelper  : HHH000204: Processing PersistenceUnitInfo [name: default]
2024-03-08T15:04:00.642+07:00  INFO 28816 --- [    Test worker] org.hibernate.Version                    : HHH000412: Hibernate ORM core version 6.4.4.Final
2024-03-08T15:04:00.688+07:00  INFO 28816 --- [    Test worker] o.h.c.internal.RegionFactoryInitiator    : HHH000026: Second-level cache disabled
2024-03-08T15:04:01.055+07:00  INFO 28816 --- [    Test worker] o.s.o.j.p.SpringPersistenceUnitInfo      : No LoadTimeWeaver setup: ignoring JPA class transformer
2024-03-08T15:04:01.095+07:00  INFO 28816 --- [    Test worker] com.zaxxer.hikari.HikariDataSource       : HikariPool-1 - Starting...
2024-03-08T15:04:03.586+07:00  INFO 28816 --- [    Test worker] com.zaxxer.hikari.pool.HikariPool        : HikariPool-1 - Added connection org.postgresql.jdbc.PgConnection@4fee14b
2024-03-08T15:04:03.588+07:00  INFO 28816 --- [    Test worker] com.zaxxer.hikari.HikariDataSource       : HikariPool-1 - Start completed.
2024-03-08T15:04:03.861+07:00  WARN 28816 --- [    Test worker] org.hibernate.orm.deprecation            : HHH90000025: PostgreSQLDialect does not need to be specified explicitly using 'hibernate.dialect' (remove the property setting and it will be selected by default)
2024-03-08T15:04:05.134+07:00  INFO 28816 --- [    Test worker] o.h.e.t.j.p.i.JtaPlatformInitiator       : HHH000489: No JTA platform available (set 'hibernate.transaction.jta.platform' to enable JTA platform integration)
2024-03-08T15:04:06.421+07:00  INFO 28816 --- [    Test worker] j.LocalContainerEntityManagerFactoryBean : Initialized JPA EntityManagerFactory for persistence unit 'default'
2024-03-08T15:04:07.422+07:00  WARN 28816 --- [    Test worker] JpaBaseConfiguration$JpaWebConfiguration : spring.jpa.open-in-view is enabled by default. Therefore, database queries may be performed during view rendering. Explicitly configure spring.jpa.open-in-view to disable this warning
2024-03-08T15:04:08.431+07:00  INFO 28816 --- [    Test worker] c.m.artikel.ArtikelApplicationTests      : Started ArtikelApplicationTests in 10.095 seconds (process running for 11.476)
]]></system-out>
  <system-err><![CDATA[]]></system-err>
</testsuite>
